c:\users\s017767j\desktop\pacman2\pacman\debug\vc142.pdb
c:\users\s017767j\desktop\pacman2\pacman\debug\vc142.idb
c:\users\s017767j\desktop\pacman2\pacman\debug\main.obj
c:\users\s017767j\desktop\pacman2\debug\pacman.exe
c:\users\s017767j\desktop\pacman2\debug\pacman.ilk
c:\users\s017767j\desktop\pacman2\debug\pacman.pdb
c:\users\s017767j\desktop\pacman\pacman\debug\main.obj
c:\users\s017767j\desktop\pacman\pacman\debug\pacman.obj
c:\users\s017767j\desktop\pacman\pacman\debug\pacman.obj.enc
c:\users\s017767j\desktop\pacman\pacman\debug\vc142.idb
c:\users\s017767j\desktop\pacman\pacman\debug\vc142.pdb
c:\users\s017767j\desktop\pacman\debug\pacman.pdb
c:\users\s017767j\desktop\pacman\debug\pacman.exe
c:\users\s017767j\desktop\pacman\debug\pacman.ilk
c:\users\s017767j\desktop\pacman\pacman\debug\pacman.tlog\cl.command.1.tlog
c:\users\s017767j\desktop\pacman\pacman\debug\pacman.tlog\cl.read.1.tlog
c:\users\s017767j\desktop\pacman\pacman\debug\pacman.tlog\cl.write.1.tlog
c:\users\s017767j\desktop\pacman\pacman\debug\pacman.tlog\link.command.1.tlog
c:\users\s017767j\desktop\pacman\pacman\debug\pacman.tlog\link.read.1.tlog
c:\users\s017767j\desktop\pacman\pacman\debug\pacman.tlog\link.write.1.tlog
