  main.cpp
C:\Program Files (x86)\Microsoft Visual Studio\2019\Professional\VC\Tools\MSVC\14.20.27508\include\vector(1638): warning C4251: 'std::vector<S2D::Input::Keys,std::allocator<_Ty>>::_Mypair': class 'std::_Compressed_pair<std::allocator<_Ty>,std::_Vector_val<std::_Simple_types<_Ty>>,true>' needs to have dll-interface to be used by clients of class 'std::vector<S2D::Input::Keys,std::allocator<_Ty>>'
          with
          [
              _Ty=S2D::Input::Keys
          ]
  C:\Program Files (x86)\Microsoft Visual Studio\2019\Professional\VC\Tools\MSVC\14.20.27508\include\vector(1638): note: see declaration of 'std::_Compressed_pair<std::allocator<_Ty>,std::_Vector_val<std::_Simple_types<_Ty>>,true>'
          with
          [
              _Ty=S2D::Input::Keys
          ]
  C:\Users\s017767j\Desktop\Pacman 2\Pacman\S2D\Input.h(108): note: see reference to class template instantiation 'std::vector<S2D::Input::Keys,std::allocator<_Ty>>' being compiled
          with
          [
              _Ty=S2D::Input::Keys
          ]
  Pacman.cpp
C:\Program Files (x86)\Microsoft Visual Studio\2019\Professional\VC\Tools\MSVC\14.20.27508\include\vector(1638): warning C4251: 'std::vector<S2D::Input::Keys,std::allocator<_Ty>>::_Mypair': class 'std::_Compressed_pair<std::allocator<_Ty>,std::_Vector_val<std::_Simple_types<_Ty>>,true>' needs to have dll-interface to be used by clients of class 'std::vector<S2D::Input::Keys,std::allocator<_Ty>>'
          with
          [
              _Ty=S2D::Input::Keys
          ]
  C:\Program Files (x86)\Microsoft Visual Studio\2019\Professional\VC\Tools\MSVC\14.20.27508\include\vector(1638): note: see declaration of 'std::_Compressed_pair<std::allocator<_Ty>,std::_Vector_val<std::_Simple_types<_Ty>>,true>'
          with
          [
              _Ty=S2D::Input::Keys
          ]
  C:\Users\s017767j\Desktop\Pacman 2\Pacman\S2D\Input.h(108): note: see reference to class template instantiation 'std::vector<S2D::Input::Keys,std::allocator<_Ty>>' being compiled
          with
          [
              _Ty=S2D::Input::Keys
          ]
C:\Users\s017767j\Desktop\Pacman 2\Pacman\Pacman.cpp(42): warning C4244: 'argument': conversion from 'time_t' to 'unsigned int', possible loss of data
C:\Users\s017767j\Desktop\Pacman 2\Pacman\Pacman.cpp(207): warning C4244: '=': conversion from 'int' to 'float', possible loss of data
C:\Users\s017767j\Desktop\Pacman 2\Pacman\Pacman.cpp(208): warning C4244: '=': conversion from 'int' to 'float', possible loss of data
C:\Users\s017767j\Desktop\Pacman 2\Pacman\Pacman.cpp(217): warning C4101: 'seconds': unreferenced local variable
C:\Users\s017767j\Desktop\Pacman 2\Pacman\Pacman.cpp(261): warning C4244: '=': conversion from 'int' to 'float', possible loss of data
C:\Users\s017767j\Desktop\Pacman 2\Pacman\Pacman.cpp(266): warning C4244: '=': conversion from 'int' to 'float', possible loss of data
C:\Users\s017767j\Desktop\Pacman 2\Pacman\Pacman.cpp(276): warning C4244: '=': conversion from 'int' to 'float', possible loss of data
C:\Users\s017767j\Desktop\Pacman 2\Pacman\Pacman.cpp(302): warning C4244: '=': conversion from 'int' to 'float', possible loss of data
C:\Users\s017767j\Desktop\Pacman 2\Pacman\Pacman.cpp(303): warning C4244: '=': conversion from 'int' to 'float', possible loss of data
C:\Users\s017767j\Desktop\Pacman 2\Pacman\Pacman.cpp(359): warning C4244: 'initializing': conversion from 'float' to 'int', possible loss of data
C:\Users\s017767j\Desktop\Pacman 2\Pacman\Pacman.cpp(361): warning C4244: 'initializing': conversion from 'float' to 'int', possible loss of data
C:\Users\s017767j\Desktop\Pacman 2\Pacman\Pacman.cpp(363): warning C4244: 'initializing': conversion from 'float' to 'int', possible loss of data
C:\Users\s017767j\Desktop\Pacman 2\Pacman\Pacman.cpp(365): warning C4244: 'initializing': conversion from 'float' to 'int', possible loss of data
C:\Users\s017767j\Desktop\Pacman 2\Pacman\Pacman.cpp(373): warning C4244: '=': conversion from 'float' to 'int', possible loss of data
C:\Users\s017767j\Desktop\Pacman 2\Pacman\Pacman.cpp(374): warning C4244: '=': conversion from 'float' to 'int', possible loss of data
C:\Users\s017767j\Desktop\Pacman 2\Pacman\Pacman.cpp(375): warning C4244: '=': conversion from 'float' to 'int', possible loss of data
C:\Users\s017767j\Desktop\Pacman 2\Pacman\Pacman.cpp(376): warning C4244: '=': conversion from 'float' to 'int', possible loss of data
C:\Users\s017767j\Desktop\Pacman 2\Pacman\Pacman.cpp(394): warning C4244: '=': conversion from 'float' to 'int', possible loss of data
C:\Users\s017767j\Desktop\Pacman 2\Pacman\Pacman.cpp(395): warning C4244: '=': conversion from 'float' to 'int', possible loss of data
C:\Users\s017767j\Desktop\Pacman 2\Pacman\Pacman.cpp(396): warning C4244: '=': conversion from 'float' to 'int', possible loss of data
C:\Users\s017767j\Desktop\Pacman 2\Pacman\Pacman.cpp(397): warning C4244: '=': conversion from 'float' to 'int', possible loss of data
C:\Users\s017767j\Desktop\Pacman 2\Pacman\Pacman.cpp(424): warning C4244: '=': conversion from 'float' to 'int', possible loss of data
C:\Users\s017767j\Desktop\Pacman 2\Pacman\Pacman.cpp(425): warning C4244: '=': conversion from 'float' to 'int', possible loss of data
C:\Users\s017767j\Desktop\Pacman 2\Pacman\Pacman.cpp(426): warning C4244: '=': conversion from 'float' to 'int', possible loss of data
C:\Users\s017767j\Desktop\Pacman 2\Pacman\Pacman.cpp(427): warning C4244: '=': conversion from 'float' to 'int', possible loss of data
C:\Users\s017767j\Desktop\Pacman 2\Pacman\Pacman.cpp(457): warning C4244: '=': conversion from 'int' to 'float', possible loss of data
C:\Users\s017767j\Desktop\Pacman 2\Pacman\Pacman.cpp(473): warning C4244: '=': conversion from 'int' to 'float', possible loss of data
C:\Users\s017767j\Desktop\Pacman 2\Pacman\Pacman.cpp(498): warning C4244: 'argument': conversion from 'float' to 'int', possible loss of data
C:\Users\s017767j\Desktop\Pacman 2\Pacman\Pacman.cpp(525): warning C4244: 'argument': conversion from 'int' to 'float', possible loss of data
C:\Users\s017767j\Desktop\Pacman 2\Pacman\Pacman.cpp(534): warning C4244: 'argument': conversion from 'int' to 'float', possible loss of data
  Generating Code...
  Pacman.vcxproj -> C:\Users\s017767j\Desktop\Pacman 2\Debug\Pacman.exe
